SF:lib/data/models/schedule_model.dart
DA:14,6
DA:26,2
DA:27,3
DA:28,2
DA:29,4
DA:30,6
DA:33,2
DA:34,4
DA:35,4
DA:36,4
DA:37,4
DA:38,4
DA:39,4
DA:40,4
DA:42,2
DA:46,2
DA:47,2
DA:48,2
DA:49,2
DA:50,2
DA:51,2
DA:52,2
DA:53,2
DA:54,2
DA:55,2
DA:56,2
DA:60,1
DA:71,1
DA:72,1
DA:73,1
DA:74,1
DA:75,1
DA:76,1
DA:77,1
DA:78,1
DA:79,1
DA:80,1
DA:84,2
DA:85,2
DA:86,2
DA:87,2
DA:88,2
DA:89,2
DA:90,2
DA:91,2
DA:92,2
DA:93,2
DA:94,2
LF:48
LH:48
end_of_record
SF:lib/domain/usecases/smart_lock/schedule_checker.dart
DA:9,1
DA:10,3
DA:13,1
DA:14,2
DA:17,1
DA:22,1
DA:24,2
DA:25,1
DA:27,2
DA:34,1
DA:37,1
DA:38,3
DA:39,3
DA:40,3
DA:42,1
DA:44,1
DA:47,4
DA:48,1
DA:49,2
DA:52,2
DA:56,1
DA:57,1
DA:61,1
DA:62,3
DA:64,2
DA:65,1
DA:67,1
DA:69,3
DA:70,3
DA:72,1
DA:85,1
DA:86,3
DA:87,3
DA:88,3
DA:90,1
DA:93,1
DA:95,5
DA:96,2
DA:99,4
DA:100,2
DA:104,4
DA:105,2
LF:42
LH:42
end_of_record
SF:lib/domain/usecases/smart_lock/check_app_access_usecase.dart
DA:15,1
DA:20,1
DA:22,3
DA:25,1
DA:26,1
DA:27,1
DA:30,1
DA:31,0
DA:33,1
DA:34,1
DA:36,0
DA:39,1
DA:44,1
DA:45,2
DA:47,2
DA:49,2
DA:50,2
DA:56,2
DA:61,1
DA:63,1
DA:64,1
DA:68,2
DA:69,1
DA:71,1
LF:24
LH:22
end_of_record
SF:lib/data/repositories/smart_lock_repository.dart
DA:12,1
DA:13,0
DA:15,0
DA:17,0
DA:18,0
DA:19,0
DA:25,1
DA:29,1
DA:30,1
DA:31,1
DA:32,1
DA:33,1
DA:34,1
DA:35,1
DA:37,1
DA:38,4
DA:39,1
DA:42,1
DA:47,1
DA:48,1
DA:49,1
DA:50,1
DA:51,1
DA:52,1
DA:53,2
DA:54,2
DA:58,0
DA:59,0
DA:100,1
DA:104,1
DA:105,1
DA:106,1
DA:107,1
DA:108,1
DA:109,1
DA:110,1
DA:112,1
DA:113,4
DA:114,1
DA:117,1
DA:123,1
DA:124,1
DA:125,1
DA:126,1
DA:127,1
DA:128,1
DA:129,1
DA:130,3
DA:133,1
DA:138,1
DA:139,1
DA:140,1
DA:141,1
DA:142,1
DA:143,1
DA:144,2
DA:145,2
DA:150,1
DA:154,1
DA:155,1
DA:156,1
DA:157,1
DA:158,1
DA:159,1
DA:160,1
DA:162,1
DA:163,4
DA:164,1
DA:165,2
DA:167,1
DA:170,1
DA:175,2
DA:176,0
DA:177,0
DA:178,0
DA:179,0
DA:180,0
DA:181,0
DA:182,0
DA:183,1
DA:184,1
DA:185,1
DA:186,1
DA:187,1
DA:188,1
DA:189,2
DA:191,2
DA:194,1
DA:199,1
DA:200,1
DA:201,1
DA:202,1
DA:203,1
DA:204,1
DA:205,1
DA:206,1
DA:211,0
DA:215,0
DA:216,0
DA:217,0
DA:218,0
DA:219,0
DA:220,0
DA:221,0
DA:222,0
DA:224,0
DA:225,0
DA:228,0
DA:233,0
DA:234,0
DA:235,0
DA:236,0
DA:237,0
DA:238,0
DA:239,0
DA:240,0
DA:245,0
DA:250,0
DA:251,0
DA:252,0
DA:253,0
DA:254,0
DA:255,0
DA:256,0
DA:257,0
DA:258,0
DA:260,0
DA:261,0
DA:262,0
DA:263,0
DA:265,0
DA:268,0
DA:273,0
DA:274,0
DA:275,0
DA:276,0
DA:277,0
DA:278,0
DA:279,0
DA:282,1
DA:283,1
LF:141
LH:84
end_of_record
SF:lib/data/models/app_time_limit_model.dart
DA:9,4
DA:16,3
DA:17,4
DA:18,3
DA:19,5
DA:20,2
DA:21,6
DA:25,3
DA:26,5
DA:27,5
DA:28,4
DA:33,2
DA:34,2
DA:35,4
DA:36,4
DA:37,4
DA:38,4
DA:42,1
DA:48,1
DA:49,1
DA:50,0
DA:51,1
DA:52,0
DA:56,3
DA:57,15
LF:25
LH:23
end_of_record
SF:lib/data/models/family_model.dart
DA:5,0
DA:14,0
DA:15,0
DA:16,0
DA:17,0
DA:18,0
DA:19,0
DA:20,0
DA:21,0
DA:22,0
DA:26,0
DA:27,0
DA:28,0
DA:29,0
DA:30,0
DA:31,0
DA:32,0
DA:33,0
DA:37,0
DA:45,0
DA:46,0
DA:47,0
DA:48,0
DA:49,0
DA:50,0
DA:51,0
LF:26
LH:0
end_of_record
SF:lib/domain/entities/family.dart
DA:11,0
DA:20,0
DA:21,0
DA:22,0
DA:23,0
DA:24,0
DA:25,0
DA:26,0
DA:27,0
LF:9
LH:0
end_of_record
SF:lib/data/models/lock_history_entry_model.dart
DA:13,3
DA:24,1
DA:34,1
DA:35,1
DA:36,1
DA:37,1
DA:38,1
DA:39,1
DA:40,1
DA:41,0
DA:42,0
DA:46,1
DA:47,1
DA:48,1
DA:49,2
DA:50,0
DA:51,0
DA:54,1
DA:55,1
DA:56,1
DA:57,1
DA:58,1
DA:59,1
DA:60,2
DA:61,3
DA:62,2
DA:66,1
DA:67,1
DA:68,1
DA:69,1
DA:70,1
DA:71,1
DA:72,1
DA:73,2
DA:74,2
DA:75,1
DA:79,2
DA:80,2
DA:81,2
DA:82,2
DA:83,2
DA:84,2
DA:85,2
DA:86,2
DA:87,2
DA:88,2
LF:46
LH:42
end_of_record
SF:lib/data/models/monitored_app_model.dart
DA:9,4
DA:16,2
DA:17,2
DA:18,4
DA:19,4
DA:20,3
DA:21,2
DA:25,2
DA:26,2
DA:27,4
DA:28,4
DA:29,4
DA:30,4
DA:34,2
DA:41,2
DA:42,2
DA:43,2
DA:44,2
DA:45,1
DA:49,2
DA:50,10
LF:21
LH:21
end_of_record
SF:lib/data/models/smart_lock_settings_model.dart
DA:16,1
DA:30,1
DA:43,1
DA:44,0
DA:46,0
DA:47,1
DA:48,1
DA:49,1
DA:51,1
DA:52,0
DA:53,0
DA:54,1
DA:55,1
DA:56,1
DA:60,1
DA:61,1
DA:62,1
DA:64,2
DA:65,1
DA:66,1
DA:67,1
DA:69,1
DA:70,1
DA:71,2
DA:72,2
DA:73,1
DA:74,1
DA:75,2
DA:76,0
DA:77,3
DA:82,1
DA:83,1
DA:84,1
DA:85,1
DA:86,1
DA:87,1
DA:88,1
DA:89,1
DA:90,1
DA:91,1
DA:92,1
DA:93,1
DA:94,1
DA:98,2
DA:99,2
DA:100,2
DA:101,2
DA:102,2
DA:103,2
DA:104,2
DA:105,2
DA:106,2
DA:107,2
DA:108,2
DA:109,2
DA:110,2
LF:56
LH:51
end_of_record
SF:lib/domain/entities/usage_log.dart
DA:14,4
DA:26,1
DA:27,1
DA:28,1
DA:29,1
DA:30,1
DA:31,1
DA:32,1
DA:33,1
DA:34,1
DA:35,1
DA:36,1
LF:12
LH:12
end_of_record
SF:lib/domain/usecases/smart_lock/block_app_usecase.dart
DA:6,0
DA:8,0
DA:9,0
DA:10,0
DA:13,0
DA:14,0
DA:15,0
DA:18,0
DA:19,0
DA:20,0
DA:23,0
DA:24,0
DA:25,0
LF:13
LH:0
end_of_record
SF:lib/platform/android/accessibility_channel.dart
DA:9,2
DA:11,4
DA:12,0
DA:13,0
DA:17,0
DA:19,0
DA:20,0
DA:21,0
DA:25,1
DA:27,2
DA:28,1
DA:29,0
DA:34,0
DA:36,0
DA:37,0
DA:38,0
DA:42,1
DA:43,2
DA:44,0
LF:19
LH:7
end_of_record
SF:lib/domain/repositories/alert_repository.dart
DA:64,2
DA:77,0
DA:78,0
DA:83,0
DA:84,0
DA:85,0
DA:88,0
DA:89,0
DA:90,0
DA:91,0
DA:92,0
DA:93,0
DA:94,0
DA:95,0
DA:96,0
DA:97,0
DA:106,1
DA:107,0
DA:109,1
DA:118,1
DA:119,1
DA:120,1
DA:121,1
DA:122,1
DA:123,1
DA:124,2
DA:129,1
DA:135,0
DA:139,0
DA:144,0
DA:145,0
DA:146,0
DA:147,0
DA:148,0
DA:149,0
DA:150,0
DA:151,0
DA:152,0
DA:153,0
DA:154,0
DA:155,0
DA:159,0
DA:164,0
DA:165,0
DA:166,0
DA:167,0
DA:168,0
DA:169,0
DA:170,0
DA:171,0
DA:172,0
DA:173,0
DA:177,0
DA:179,0
DA:180,0
DA:181,0
DA:182,0
DA:183,0
DA:184,0
DA:185,0
DA:186,0
DA:187,0
DA:188,0
DA:192,0
DA:199,0
DA:200,0
DA:201,0
DA:202,0
DA:203,0
DA:204,0
DA:205,0
DA:206,0
DA:207,0
DA:208,0
DA:212,0
DA:216,0
DA:223,0
DA:224,0
DA:225,0
DA:226,0
DA:227,0
DA:228,0
DA:229,0
DA:230,0
DA:232,0
DA:236,0
DA:244,0
DA:245,0
DA:246,0
DA:247,0
DA:248,0
DA:249,0
DA:250,0
DA:251,0
DA:253,0
DA:257,0
DA:264,0
DA:265,0
DA:266,0
DA:267,0
DA:268,0
DA:269,0
DA:270,0
DA:271,0
DA:273,0
LF:105
LH:11
end_of_record
SF:lib/data/models/usage_log_model.dart
DA:5,2
DA:17,0
DA:18,0
DA:19,0
DA:20,0
DA:21,0
DA:22,0
DA:23,0
DA:24,0
DA:25,0
DA:26,0
DA:27,0
DA:28,0
DA:32,2
DA:33,2
DA:34,2
DA:35,2
DA:36,2
DA:37,2
DA:38,4
DA:39,4
DA:40,2
DA:41,2
LF:23
LH:11
end_of_record
SF:lib/data/models/auto_approval_rule_model.dart
DA:13,2
DA:23,1
DA:24,1
DA:25,1
DA:26,1
DA:27,2
DA:28,3
DA:31,1
DA:32,1
DA:33,1
DA:34,1
DA:35,1
DA:36,1
DA:38,2
DA:42,1
DA:43,1
DA:44,1
DA:45,1
DA:46,1
DA:47,1
DA:48,1
DA:49,1
DA:53,1
DA:62,1
DA:63,1
DA:64,1
DA:65,1
DA:66,1
DA:67,1
DA:68,1
DA:69,1
DA:73,1
DA:74,8
LF:33
LH:33
end_of_record
SF:lib/domain/repositories/rules_repository.dart
DA:21,1
DA:22,0
DA:24,1
DA:27,1
DA:28,1
DA:29,1
DA:30,1
DA:31,1
DA:32,1
DA:34,1
DA:35,1
DA:39,0
DA:43,0
DA:45,0
DA:46,0
DA:47,0
DA:48,0
DA:49,0
DA:50,0
DA:51,0
DA:52,0
DA:53,0
DA:59,1
DA:62,1
DA:63,1
DA:64,2
DA:65,1
DA:66,1
DA:67,3
DA:69,0
DA:73,1
DA:80,1
DA:81,1
DA:85,2
DA:90,2
DA:94,1
DA:95,2
DA:105,1
DA:108,1
DA:109,1
DA:110,2
DA:111,1
DA:112,2
DA:113,1
DA:114,1
DA:115,1
DA:116,1
DA:117,1
DA:118,1
DA:119,1
DA:120,11
DA:123,0
DA:127,1
DA:130,1
DA:131,8
DA:133,1
DA:134,1
DA:135,1
DA:136,1
DA:137,1
DA:138,1
DA:140,2
LF:62
LH:48
end_of_record
SF:lib/domain/repositories/time_request_repository.dart
DA:17,2
DA:30,0
DA:31,0
DA:32,0
DA:33,0
DA:34,0
DA:35,0
DA:36,0
DA:37,0
DA:38,0
DA:39,0
DA:40,0
DA:41,0
DA:42,0
DA:44,0
DA:45,0
DA:49,0
DA:50,0
DA:51,0
DA:52,0
DA:53,0
DA:54,0
DA:55,0
DA:56,0
DA:57,0
DA:58,0
DA:59,0
DA:76,0
DA:77,0
DA:79,0
DA:82,0
DA:83,0
DA:84,0
DA:85,0
DA:86,0
DA:87,0
DA:88,0
DA:90,0
DA:94,0
DA:99,0
DA:100,0
DA:101,0
DA:102,0
DA:103,0
DA:104,0
DA:105,0
DA:106,0
DA:107,0
DA:108,0
DA:112,0
DA:114,0
DA:115,0
DA:116,0
DA:117,0
DA:118,0
DA:119,0
DA:120,0
DA:121,0
DA:125,0
DA:127,0
DA:128,0
DA:129,0
DA:130,0
DA:131,0
DA:132,0
DA:133,0
DA:137,0
DA:145,0
DA:146,0
DA:147,0
DA:148,0
DA:149,0
DA:150,0
DA:151,0
DA:152,0
DA:157,0
DA:161,0
DA:169,0
DA:170,0
DA:171,0
DA:172,0
DA:173,0
DA:174,0
DA:175,0
DA:176,0
DA:181,0
LF:86
LH:1
end_of_record
SF:lib/data/repositories/usage_repository_impl.dart
DA:9,1
DA:10,0
DA:12,0
DA:15,0
DA:16,0
DA:17,0
DA:18,0
DA:19,0
DA:20,0
DA:22,0
DA:24,0
DA:28,0
DA:31,0
DA:32,0
DA:33,0
DA:34,0
DA:35,0
DA:36,0
DA:38,0
DA:40,0
DA:44,0
DA:51,0
DA:52,0
DA:53,0
DA:54,0
DA:55,0
DA:56,0
DA:57,0
DA:59,0
DA:61,0
DA:65,0
DA:67,0
DA:69,0
DA:70,0
DA:75,0
DA:77,0
DA:78,0
DA:80,0
DA:81,0
DA:82,0
DA:88,1
DA:90,3
DA:91,1
DA:93,1
DA:94,1
DA:95,1
DA:96,1
DA:97,1
DA:98,1
DA:99,1
DA:100,1
DA:101,1
LF:52
LH:13
end_of_record
SF:lib/domain/usecases/smart_lock/emergency_access_manager.dart
DA:5,9
DA:6,6
DA:7,3
DA:20,9
DA:21,9
DA:23,6
DA:24,6
DA:25,2
DA:27,1
DA:28,1
DA:29,4
DA:35,0
DA:36,0
DA:37,0
DA:38,0
DA:41,1
DA:42,1
DA:43,1
DA:47,1
DA:48,1
DA:50,1
DA:51,2
DA:52,1
DA:54,3
DA:55,2
DA:57,1
DA:58,2
DA:59,0
DA:60,0
DA:62,0
DA:63,0
DA:67,4
DA:70,1
DA:71,2
DA:72,1
DA:73,1
DA:74,3
DA:75,1
DA:77,2
DA:78,4
DA:81,1
DA:82,1
DA:83,1
DA:86,0
DA:87,0
DA:91,1
DA:92,1
DA:93,1
DA:94,1
DA:95,1
DA:96,1
DA:97,2
LF:52
LH:42
end_of_record
SF:lib/data/datasources/remote/emergency_log_source.dart
DA:8,1
DA:11,0
DA:13,0
DA:21,0
DA:27,0
DA:32,0
DA:36,0
DA:41,0
DA:42,0
DA:43,0
DA:44,0
DA:45,0
DA:46,0
DA:47,0
DA:49,0
DA:50,0
DA:56,0
DA:60,0
DA:65,0
DA:66,0
DA:67,0
DA:68,0
DA:69,0
DA:70,0
DA:72,0
DA:73,0
DA:74,0
DA:76,0
DA:77,0
DA:81,0
DA:85,0
DA:86,0
DA:87,0
DA:88,0
DA:89,0
DA:90,0
DA:91,0
DA:92,0
DA:93,0
DA:96,0
DA:101,0
DA:102,0
DA:103,0
DA:104,0
DA:105,0
DA:106,0
DA:107,0
DA:109,0
DA:114,0
DA:116,0
DA:117,0
DA:118,0
DA:119,0
DA:121,0
DA:126,0
DA:128,0
DA:129,0
DA:130,0
DA:131,0
DA:133,0
DA:138,0
DA:143,0
DA:147,0
LF:63
LH:1
end_of_record
SF:lib/presentation/widgets/smart_lock/emergency_contact_sheet.dart
DA:15,1
DA:25,1
DA:26,1
DA:43,1
DA:45,1
DA:46,4
DA:47,3
DA:48,1
DA:49,1
DA:52,1
DA:53,4
DA:54,0
DA:56,4
DA:57,0
DA:59,3
DA:60,3
DA:62,2
DA:67,1
DA:68,2
DA:69,2
DA:70,1
DA:71,1
DA:77,4
DA:78,4
DA:80,1
DA:81,2
DA:82,1
DA:83,1
DA:84,1
DA:85,1
DA:86,0
DA:91,0
DA:92,0
DA:93,0
DA:94,0
DA:100,0
DA:101,0
DA:102,0
DA:105,0
DA:106,0
DA:107,0
DA:110,0
DA:111,0
DA:113,0
DA:114,0
DA:115,0
DA:122,0
DA:123,0
DA:124,0
DA:125,0
DA:126,0
DA:128,0
DA:129,0
DA:133,0
DA:136,0
DA:137,0
DA:138,0
DA:139,0
DA:142,1
DA:144,2
DA:145,2
DA:146,1
DA:149,1
DA:151,1
DA:153,1
DA:155,1
DA:156,1
DA:158,1
DA:160,1
DA:162,2
DA:163,2
DA:164,3
DA:165,1
DA:166,1
DA:170,1
DA:171,1
DA:173,1
DA:175,1
DA:176,4
DA:177,1
DA:178,1
DA:179,1
DA:180,4
DA:186,1
DA:187,1
DA:190,1
DA:191,1
DA:192,1
DA:197,1
DA:198,1
DA:199,1
DA:200,2
DA:210,1
DA:211,1
DA:213,2
DA:217,0
DA:218,0
DA:222,0
DA:223,0
DA:224,0
DA:225,0
DA:227,0
DA:228,0
DA:229,0
DA:231,0
DA:232,0
DA:234,0
DA:235,0
DA:236,0
DA:239,0
DA:245,0
DA:247,0
DA:255,0
DA:256,0
DA:257,0
DA:258,0
DA:262,0
DA:263,0
DA:264,0
DA:265,0
DA:267,0
DA:268,0
DA:269,0
DA:271,0
DA:273,0
DA:276,0
DA:280,0
DA:281,0
DA:282,0
DA:289,1
DA:290,1
DA:292,1
DA:293,1
DA:294,1
DA:295,2
DA:297,1
DA:298,1
DA:299,1
DA:301,1
DA:305,1
DA:306,1
DA:308,1
DA:309,1
DA:310,1
DA:314,1
DA:315,1
DA:316,2
DA:326,1
DA:327,1
DA:330,1
DA:331,1
DA:332,1
DA:333,2
DA:335,1
DA:336,1
DA:337,2
DA:339,1
DA:340,1
DA:341,2
DA:349,1
DA:350,1
DA:351,1
DA:352,1
DA:353,1
DA:354,1
DA:357,1
DA:358,1
DA:359,2
DA:361,2
DA:366,1
DA:367,1
DA:368,1
DA:371,1
DA:375,2
DA:383,1
DA:384,1
DA:386,1
DA:387,4
LF:178
LH:114
end_of_record
SF:lib/data/models/emergency_log_model.dart
DA:14,0
DA:26,0
DA:27,0
DA:28,0
DA:29,0
DA:30,0
DA:31,0
DA:32,0
DA:33,0
DA:34,0
DA:35,0
DA:36,0
DA:37,0
DA:41,0
DA:42,0
DA:43,0
DA:44,0
DA:45,0
DA:46,0
DA:47,0
DA:48,0
DA:49,0
DA:50,0
DA:54,0
DA:55,0
DA:56,0
DA:58,0
DA:61,0
DA:65,0
DA:66,0
DA:67,0
DA:69,0
DA:72,0
LF:33
LH:0
end_of_record
SF:lib/presentation/widgets/smart_lock/time_picker_bottom_sheet.dart
DA:7,2
DA:13,2
DA:14,2
DA:38,2
DA:40,2
DA:41,6
DA:42,6
DA:43,2
DA:44,8
DA:46,0
DA:47,0
DA:48,0
DA:49,0
DA:56,1
DA:57,1
DA:58,6
DA:60,0
DA:62,3
DA:65,2
DA:67,2
DA:68,2
DA:69,2
DA:70,2
DA:74,6
DA:76,2
DA:77,6
DA:79,2
DA:82,2
DA:83,2
DA:85,2
DA:87,2
DA:90,2
DA:92,2
DA:93,0
DA:94,0
DA:95,0
DA:100,2
DA:101,4
DA:104,2
DA:105,2
DA:114,2
DA:115,2
DA:117,2
DA:120,2
DA:121,4
DA:125,4
DA:126,0
DA:127,0
DA:128,0
DA:132,6
DA:137,0
DA:138,0
DA:139,0
DA:140,0
DA:141,0
DA:142,0
DA:143,0
DA:144,0
DA:145,0
DA:147,0
DA:148,0
DA:149,0
DA:151,0
DA:152,0
DA:155,0
DA:156,0
DA:158,0
DA:159,0
LF:68
LH:39
end_of_record
SF:lib/presentation/widgets/smart_lock/request_time_dialog.dart
DA:12,1
DA:20,1
DA:21,1
DA:30,1
DA:32,2
DA:33,1
DA:36,1
DA:38,1
DA:39,2
DA:40,1
DA:42,1
DA:43,0
DA:44,0
DA:45,0
DA:46,0
DA:47,0
DA:52,0
DA:53,0
DA:54,0
DA:55,0
DA:61,1
DA:62,1
DA:63,0
DA:64,0
DA:65,0
DA:67,0
DA:68,0
DA:76,0
DA:77,0
DA:78,0
DA:82,0
DA:84,0
DA:85,0
DA:86,0
DA:89,0
DA:90,0
DA:102,1
DA:103,2
DA:104,1
DA:105,1
DA:106,1
DA:116,1
DA:119,1
DA:120,1
DA:121,3
DA:130,1
DA:132,2
DA:133,2
DA:134,1
DA:135,2
DA:137,4
DA:139,1
DA:144,1
DA:147,1
DA:148,1
DA:149,1
DA:152,1
DA:153,1
DA:165,1
DA:166,1
DA:167,1
DA:170,1
DA:171,1
DA:173,0
DA:174,0
DA:175,0
DA:176,0
DA:177,0
DA:178,0
DA:179,0
DA:180,0
DA:181,0
DA:185,1
DA:188,1
DA:189,1
DA:192,1
LF:76
LH:44
end_of_record
SF:lib/presentation/blocs/time_request/time_request_bloc.dart
DA:10,1
DA:11,0
DA:12,0
DA:22,0
DA:30,0
DA:31,0
DA:37,0
DA:38,0
DA:39,0
DA:44,0
DA:45,0
DA:46,0
DA:51,0
DA:52,0
DA:53,0
DA:58,0
DA:59,0
DA:60,0
DA:68,0
DA:74,0
DA:75,0
DA:83,0
DA:89,0
DA:90,0
DA:95,1
DA:96,0
DA:97,0
DA:105,2
DA:106,0
DA:107,0
DA:115,1
DA:116,0
DA:117,0
DA:121,1
DA:122,0
DA:123,0
DA:127,1
DA:128,0
DA:129,0
DA:137,0
DA:143,0
DA:144,0
DA:154,6
DA:155,4
DA:156,4
DA:157,4
DA:158,4
DA:159,4
DA:160,4
DA:161,4
DA:162,4
DA:165,1
DA:166,2
DA:168,1
DA:170,1
DA:171,1
DA:172,1
DA:173,1
DA:174,1
DA:175,1
DA:177,1
DA:181,1
DA:182,0
DA:183,0
DA:184,0
DA:185,0
DA:189,0
DA:190,0
DA:191,0
DA:192,0
DA:193,0
DA:194,0
DA:195,0
DA:196,0
DA:197,0
DA:198,0
DA:201,0
DA:208,2
DA:211,2
DA:217,3
DA:218,3
DA:222,1
DA:223,1
DA:224,2
DA:225,3
DA:226,1
DA:227,1
DA:228,2
DA:230,0
DA:231,0
DA:236,0
DA:237,0
DA:238,0
DA:239,0
DA:240,0
DA:241,0
DA:242,0
DA:244,0
DA:245,0
DA:250,1
DA:251,2
DA:252,2
DA:253,2
DA:254,0
DA:256,3
DA:260,1
DA:262,2
DA:263,1
DA:264,1
DA:265,1
DA:266,1
DA:269,0
DA:270,0
DA:274,1
DA:276,2
DA:277,1
DA:278,1
DA:279,1
DA:280,1
DA:283,0
DA:284,0
DA:288,0
DA:289,0
DA:290,0
DA:291,0
DA:292,0
DA:293,0
DA:294,0
DA:295,0
DA:297,0
DA:298,0
DA:303,0
DA:304,0
DA:305,0
DA:308,0
DA:309,0
DA:311,0
DA:312,0
DA:313,0
DA:314,0
DA:315,0
DA:316,0
DA:319,0
DA:320,0
DA:322,0
DA:326,2
DA:328,3
DA:329,2
LF:148
LH:57
end_of_record
SF:lib/presentation/widgets/smart_lock/countdown_timer.dart
DA:8,2
DA:14,3
DA:15,3
DA:16,6
DA:17,6
DA:18,3
DA:21,1
DA:22,5
DA:23,1
DA:24,1
DA:27,2
DA:28,2
DA:35,2
DA:37,2
DA:39,2
DA:40,6
DA:41,4
DA:44,4
DA:45,0
DA:49,0
DA:50,0
DA:51,0
DA:52,0
DA:53,0
DA:54,0
DA:56,0
DA:57,0
DA:58,0
DA:62,2
DA:64,4
DA:65,2
DA:68,2
DA:70,4
DA:72,2
DA:74,2
DA:76,0
DA:78,0
DA:79,0
DA:80,0
DA:81,0
DA:83,0
DA:85,0
DA:86,0
DA:88,0
DA:90,0
DA:93,0
DA:100,2
DA:102,2
DA:103,2
DA:104,2
DA:106,2
DA:107,2
DA:108,2
DA:110,2
DA:112,2
DA:116,2
DA:117,4
LF:57
LH:36
end_of_record
SF:lib/presentation/widgets/smart_lock/time_range_picker.dart
DA:10,2
DA:19,2
DA:20,10
DA:23,1
DA:29,1
DA:31,1
DA:32,1
DA:33,1
DA:34,2
DA:42,0
DA:44,0
DA:49,2
DA:51,2
DA:53,2
DA:62,2
DA:63,2
DA:64,2
DA:65,2
DA:67,6
DA:68,2
DA:71,1
DA:72,1
DA:80,2
DA:81,2
DA:83,6
DA:84,0
DA:87,0
DA:88,0
DA:95,2
DA:96,2
DA:97,14
DA:98,2
DA:100,2
DA:114,2
DA:120,2
DA:122,2
DA:124,2
DA:125,2
DA:126,2
DA:127,2
DA:129,2
DA:133,2
DA:134,2
DA:135,2
DA:136,2
DA:138,2
DA:139,4
DA:140,2
DA:142,2
DA:144,2
DA:145,4
DA:147,2
DA:148,2
LF:53
LH:48
end_of_record
SF:lib/presentation/widgets/smart_lock/notification_preferences_section.dart
DA:8,2
DA:14,2
DA:16,2
DA:17,2
DA:18,2
DA:21,4
DA:22,0
DA:23,0
DA:26,2
DA:29,4
DA:30,0
DA:31,0
DA:34,2
DA:37,4
DA:38,0
DA:39,0
DA:42,2
DA:45,4
DA:46,0
DA:47,0
DA:51,2
DA:53,2
DA:58,2
DA:59,2
DA:61,2
DA:62,2
DA:65,4
DA:66,0
DA:67,0
DA:70,4
DA:71,1
DA:73,1
DA:74,1
DA:75,1
DA:76,1
DA:79,2
DA:80,0
DA:81,0
DA:86,1
DA:87,1
DA:90,2
DA:91,0
DA:92,0
DA:103,1
DA:109,1
DA:110,1
DA:111,4
DA:113,0
DA:114,0
DA:116,0
DA:119,0
DA:125,2
DA:126,2
DA:127,2
DA:128,2
DA:129,2
DA:130,2
DA:133,2
DA:135,2
DA:136,2
DA:137,10
DA:138,0
DA:139,2
DA:142,0
DA:143,0
DA:145,0
DA:146,0
DA:148,0
DA:150,0
DA:159,0
DA:160,0
DA:161,0
DA:162,0
DA:163,0
DA:165,0
DA:167,0
LF:76
LH:44
end_of_record
SF:lib/presentation/widgets/smart_lock/app_limit_item.dart
DA:8,1
DA:14,1
DA:16,3
DA:19,3
DA:20,4
DA:26,1
DA:27,1
DA:28,1
DA:29,1
DA:32,3
DA:33,1
DA:35,1
LF:12
LH:12
end_of_record
SF:lib/presentation/widgets/smart_lock/day_selector.dart
DA:22,2
DA:28,1
DA:29,2
DA:30,2
DA:31,2
DA:34,0
DA:35,0
DA:36,0
DA:37,0
DA:39,0
DA:42,0
DA:43,0
DA:44,0
DA:45,0
DA:47,0
DA:50,2
DA:52,10
DA:54,2
DA:56,2
DA:57,2
DA:59,2
DA:67,2
DA:68,2
DA:69,2
DA:74,2
DA:77,4
DA:78,4
DA:79,2
DA:80,2
DA:81,2
DA:82,2
DA:87,5
DA:88,2
DA:90,2
LF:34
LH:24
end_of_record
SF:lib/presentation/features/usage_statistics/bloc/usage_statistics_bloc.dart
DA:12,1
DA:14,2
DA:15,2
DA:16,2
DA:17,2
DA:18,2
DA:21,1
DA:22,8
DA:25,1
DA:29,2
DA:31,2
DA:32,2
DA:34,2
DA:35,1
DA:40,1
DA:41,1
DA:42,1
DA:43,1
DA:44,1
DA:45,1
DA:47,1
DA:49,4
DA:51,2
DA:61,1
DA:62,1
DA:66,2
DA:67,2
DA:71,1
DA:75,1
DA:76,1
DA:77,2
DA:78,1
DA:79,1
DA:80,1
DA:81,1
DA:82,1
DA:83,1
DA:84,1
DA:85,1
DA:86,1
DA:87,1
DA:88,1
DA:89,1
DA:94,0
DA:98,0
DA:99,0
DA:100,0
DA:101,0
DA:105,0
DA:110,0
DA:111,0
DA:113,0
DA:114,0
DA:120,0
DA:123,0
DA:124,0
DA:126,0
DA:129,0
DA:131,0
DA:132,0
LF:60
LH:43
end_of_record
SF:lib/presentation/features/usage_statistics/bloc/usage_statistics_event.dart
DA:6,1
DA:8,0
DA:9,0
DA:17,1
DA:23,0
DA:24,0
DA:31,1
DA:36,0
DA:37,0
DA:45,0
DA:51,0
DA:52,0
DA:61,0
DA:68,0
DA:69,0
LF:15
LH:3
end_of_record
SF:lib/presentation/features/usage_statistics/bloc/usage_statistics_state.dart
DA:13,2
DA:22,1
DA:23,1
DA:24,1
DA:25,1
DA:26,1
DA:27,1
DA:28,1
DA:29,1
DA:34,1
DA:36,1
DA:37,1
DA:58,1
DA:73,1
DA:74,1
DA:75,1
DA:76,1
DA:77,1
DA:78,1
DA:79,1
DA:80,1
DA:81,1
DA:82,1
DA:83,1
DA:84,1
DA:85,1
DA:86,1
DA:93,1
DA:95,1
DA:96,2
DA:103,0
DA:108,0
DA:109,0
LF:33
LH:30
end_of_record
SF:lib/presentation/features/usage_statistics/utils/usage_statistics_helper.dart
DA:6,2
DA:7,2
DA:8,4
DA:9,4
DA:10,8
DA:15,2
DA:16,2
DA:17,4
DA:18,12
DA:23,2
DA:24,2
DA:25,2
DA:26,4
DA:27,6
DA:28,2
DA:29,8
DA:34,2
DA:35,2
DA:36,4
DA:37,12
DA:42,2
DA:43,3
DA:44,4
DA:45,10
DA:46,10
DA:49,2
DA:50,2
DA:51,2
DA:52,6
DA:53,2
DA:56,1
DA:57,2
DA:58,1
DA:59,1
DA:60,2
DA:61,1
DA:64,2
DA:68,4
DA:70,4
DA:73,2
DA:74,4
DA:75,10
DA:78,2
DA:79,4
DA:80,4
DA:81,2
DA:83,8
DA:85,8
DA:87,4
DA:88,2
DA:89,6
DA:90,2
DA:97,10
DA:101,1
DA:102,2
DA:103,2
DA:104,1
LF:57
LH:57
end_of_record
SF:lib/presentation/features/usage_statistics/utils/usage_exporter.dart
DA:11,0
DA:13,0
DA:14,0
DA:17,0
DA:18,0
DA:19,0
DA:20,0
DA:21,0
DA:22,0
DA:23,0
DA:27,0
DA:28,0
DA:30,0
DA:31,0
DA:32,0
DA:34,0
DA:35,0
DA:36,0
DA:39,0
DA:42,0
DA:44,0
DA:46,0
DA:47,0
DA:48,0
DA:49,0
DA:52,0
DA:53,0
DA:55,0
DA:56,0
DA:58,0
DA:59,0
DA:61,0
DA:62,0
DA:64,0
DA:65,0
DA:66,0
DA:67,0
DA:68,0
DA:69,0
DA:70,0
DA:71,0
DA:72,0
DA:74,0
DA:75,0
DA:77,0
DA:78,0
DA:79,0
DA:80,0
DA:82,0
DA:83,0
DA:84,0
DA:85,0
DA:86,0
DA:87,0
DA:89,0
DA:95,0
DA:97,0
DA:98,0
DA:99,0
DA:101,0
DA:102,0
DA:103,0
DA:106,0
LF:63
LH:0
end_of_record
SF:lib/presentation/blocs/smart_lock/smart_lock_bloc.dart
DA:23,3
DA:25,21
DA:26,14
DA:27,14
DA:28,14
DA:29,14
DA:30,14
DA:31,14
DA:32,14
DA:33,14
DA:34,14
DA:35,14
DA:36,14
DA:39,2
DA:43,4
DA:45,4
DA:46,2
DA:47,2
DA:50,4
DA:51,2
DA:53,3
DA:54,2
DA:57,3
DA:58,2
DA:61,6
DA:62,3
DA:63,2
DA:64,3
DA:65,2
DA:66,0
DA:69,6
DA:71,0
DA:75,1
DA:80,2
DA:81,1
DA:82,1
DA:83,1
DA:86,2
DA:87,0
DA:91,2
DA:92,0
DA:95,0
DA:97,3
DA:100,2
DA:101,0
DA:102,0
DA:103,0
DA:104,0
DA:108,0
DA:110,5
DA:112,4
DA:114,0
DA:115,0
DA:121,2
DA:125,4
DA:127,4
DA:128,2
DA:129,2
DA:132,4
DA:133,2
DA:135,4
DA:136,4
DA:139,3
DA:140,2
DA:143,6
DA:144,4
DA:145,6
DA:146,3
DA:148,3
DA:152,2
DA:154,8
DA:156,0
DA:160,1
DA:165,2
DA:166,1
DA:167,1
DA:168,1
DA:169,1
DA:172,2
DA:173,4
DA:175,2
DA:176,5
DA:177,1
DA:181,3
DA:182,3
DA:183,0
DA:185,3
DA:189,1
DA:191,4
DA:193,0
DA:194,0
DA:198,1
DA:203,3
DA:204,0
DA:205,0
DA:210,6
DA:211,0
DA:212,0
DA:217,1
DA:218,1
DA:219,1
DA:223,4
DA:225,2
DA:226,3
DA:227,3
DA:228,0
DA:230,3
DA:234,1
DA:236,4
DA:238,0
DA:239,0
DA:244,1
DA:245,1
DA:246,2
DA:247,0
DA:251,2
DA:252,2
DA:253,6
DA:254,6
DA:255,2
DA:256,2
DA:261,2
DA:265,4
DA:267,6
DA:268,2
DA:269,2
DA:271,8
DA:273,0
DA:277,1
DA:282,2
DA:283,1
DA:284,1
DA:285,1
DA:288,2
DA:289,0
DA:293,2
DA:295,0
DA:297,3
DA:301,0
DA:303,1
DA:305,4
DA:307,3
DA:308,4
DA:312,1
DA:317,2
DA:318,1
DA:319,1
DA:320,1
DA:323,2
DA:325,1
DA:326,4
DA:328,3
DA:329,4
DA:335,2
DA:339,4
DA:341,4
DA:342,2
DA:343,2
DA:345,4
DA:349,0
DA:353,1
DA:358,2
DA:359,1
DA:360,1
DA:361,1
DA:363,1
DA:364,3
DA:366,3
DA:367,3
DA:371,2
DA:375,4
DA:377,4
DA:378,2
DA:379,2
DA:381,4
DA:383,3
DA:387,7
DA:389,8
DA:390,7
LF:179
LH:150
end_of_record
SF:lib/presentation/blocs/smart_lock/smart_lock_event.dart
DA:7,6
DA:9,0
DA:10,0
DA:17,1
DA:19,0
DA:20,0
DA:28,1
DA:30,0
DA:31,0
DA:38,1
DA:40,0
DA:41,0
DA:50,0
DA:57,0
DA:58,0
DA:67,0
DA:74,0
DA:75,0
DA:82,1
DA:84,0
DA:85,0
DA:93,1
DA:95,0
DA:96,0
DA:104,0
DA:106,0
DA:107,0
DA:114,1
DA:116,0
DA:117,0
DA:125,0
DA:127,0
DA:128,0
DA:135,1
DA:137,0
DA:138,0
LF:36
LH:8
end_of_record
SF:lib/presentation/blocs/smart_lock/smart_lock_state.dart
DA:9,7
DA:11,1
DA:12,1
DA:22,2
DA:24,1
DA:25,2
DA:31,2
DA:33,1
DA:34,2
DA:40,2
DA:42,1
DA:43,2
DA:49,2
DA:51,1
DA:52,2
DA:58,2
DA:60,1
DA:61,2
DA:67,2
DA:69,1
DA:70,2
DA:76,2
DA:78,1
DA:79,2
LF:24
LH:24
end_of_record
SF:lib/presentation/screens/smart_lock/blocked_apps_screen.dart
DA:14,1
DA:21,1
DA:23,1
DA:24,2
DA:25,1
DA:26,4
DA:27,3
DA:36,1
DA:41,0
DA:42,0
DA:43,0
DA:44,0
DA:46,0
DA:48,0
DA:49,0
DA:51,0
DA:53,0
DA:55,0
DA:56,0
DA:62,0
DA:63,0
DA:70,0
DA:76,0
DA:77,0
DA:86,0
DA:87,0
DA:88,0
DA:91,0
DA:92,0
DA:93,0
DA:94,0
DA:95,0
DA:96,0
DA:97,0
DA:98,0
DA:100,0
DA:111,1
DA:113,1
DA:114,1
DA:117,1
DA:118,1
DA:119,1
DA:120,0
DA:121,0
DA:122,0
DA:128,1
DA:129,1
DA:133,1
DA:134,2
DA:140,1
DA:141,2
DA:142,1
DA:143,1
DA:144,2
DA:145,1
DA:147,0
DA:148,0
DA:149,0
DA:150,0
DA:151,0
DA:163,1
DA:164,0
DA:175,1
DA:180,1
DA:182,1
DA:183,3
DA:184,1
DA:185,2
DA:186,1
DA:187,2
DA:190,2
DA:191,0
DA:192,0
DA:194,1
DA:195,1
DA:196,1
DA:197,7
DA:201,2
DA:202,1
LF:79
LH:40
end_of_record
SF:lib/presentation/screens/smart_lock/schedule_form_screen.dart
DA:15,1
DA:22,1
DA:23,1
DA:44,3
DA:46,1
DA:48,1
DA:49,1
DA:50,2
DA:51,3
DA:52,2
DA:53,2
DA:54,2
DA:55,2
DA:56,2
DA:57,2
DA:58,3
DA:62,1
DA:64,2
DA:65,1
DA:68,0
DA:69,0
DA:70,0
DA:71,0
DA:72,0
DA:73,0
DA:74,0
DA:75,0
DA:76,0
DA:80,0
DA:81,0
DA:82,0
DA:88,0
DA:90,0
DA:96,0
DA:97,0
DA:98,0
DA:99,0
DA:100,0
DA:101,0
DA:102,0
DA:103,0
DA:104,0
DA:105,0
DA:108,0
DA:109,0
DA:113,1
DA:115,1
DA:116,1
DA:117,2
DA:119,1
DA:120,0
DA:121,0
DA:122,0
DA:123,0
DA:125,0
DA:126,0
DA:127,0
DA:128,0
DA:132,1
DA:134,1
DA:136,1
DA:138,2
DA:147,1
DA:148,1
DA:149,1
DA:150,1
DA:151,0
DA:155,0
DA:170,1
DA:171,1
DA:172,0
DA:176,0
DA:196,1
DA:197,1
DA:205,1
DA:208,1
DA:209,1
DA:210,1
DA:211,1
DA:212,1
DA:213,0
DA:214,0
DA:215,0
DA:216,0
DA:217,0
DA:218,0
DA:222,1
DA:225,1
DA:226,1
DA:227,0
DA:228,0
DA:229,0
DA:233,1
DA:236,1
DA:239,1
DA:240,0
DA:241,0
DA:242,0
DA:246,1
DA:249,1
DA:250,1
DA:251,1
LF:102
LH:52
end_of_record
SF:lib/presentation/screens/smart_lock/lock_history_screen.dart
DA:14,1
DA:20,1
DA:21,1
DA:27,1
DA:29,1
DA:30,1
DA:31,1
DA:32,6
DA:35,1
DA:37,1
DA:38,1
DA:41,1
DA:42,1
DA:43,1
DA:44,1
DA:45,1
DA:46,1
DA:47,1
DA:48,1
DA:50,1
DA:51,1
DA:55,1
DA:56,2
DA:58,1
DA:74,1
DA:76,1
DA:77,1
DA:78,2
DA:92,1
DA:93,1
DA:95,1
DA:96,1
DA:97,1
DA:99,1
DA:101,1
DA:103,1
DA:109,1
DA:110,2
DA:111,1
DA:112,1
DA:114,0
DA:115,0
DA:116,0
DA:122,1
DA:125,1
DA:126,1
DA:127,1
DA:128,0
DA:129,0
DA:130,0
DA:131,0
DA:132,0
DA:133,1
DA:134,0
DA:136,0
DA:137,0
DA:138,1
DA:139,0
DA:141,0
DA:142,0
LF:60
LH:46
end_of_record
SF:lib/presentation/widgets/smart_lock/lock_history_card.dart
DA:8,1
DA:10,1
DA:12,1
DA:14,1
DA:16,1
DA:17,1
DA:18,1
DA:20,1
DA:21,1
DA:23,1
DA:24,1
DA:25,2
DA:32,1
DA:33,1
DA:34,1
DA:35,1
DA:40,1
DA:41,1
DA:56,1
DA:57,1
DA:60,1
DA:61,2
DA:62,1
DA:64,1
DA:65,1
DA:66,1
DA:72,1
DA:73,2
DA:74,1
DA:76,1
DA:77,3
DA:78,0
DA:85,1
DA:86,2
DA:87,1
DA:89,1
DA:91,0
DA:98,1
DA:99,2
DA:100,1
DA:102,1
DA:104,0
DA:111,1
DA:112,4
DA:113,2
DA:115,4
DA:116,1
DA:118,1
LF:48
LH:45
end_of_record
SF:lib/presentation/screens/smart_lock/time_limit_screen.dart
DA:16,1
DA:23,1
DA:25,1
DA:26,2
DA:27,1
DA:28,4
DA:29,3
DA:38,1
DA:43,0
DA:44,0
DA:45,0
DA:48,0
DA:49,0
DA:50,0
DA:51,0
DA:52,0
DA:53,0
DA:54,0
DA:55,0
DA:64,1
DA:66,1
DA:67,1
DA:70,1
DA:71,1
DA:72,1
DA:73,0
DA:74,0
DA:76,1
DA:77,0
DA:78,0
DA:82,2
DA:83,1
DA:84,1
DA:88,1
DA:89,2
DA:93,0
DA:94,0
DA:95,0
DA:96,0
DA:97,0
DA:98,0
DA:100,0
LF:42
LH:20
end_of_record
SF:lib/presentation/screens/smart_lock/lock_screen.dart
DA:23,2
DA:38,2
DA:39,2
DA:52,2
DA:54,2
DA:55,8
DA:56,0
DA:58,8
DA:59,0
DA:61,6
DA:62,6
DA:65,4
DA:67,2
DA:68,2
DA:69,4
DA:72,4
DA:73,2
DA:78,2
DA:80,4
DA:81,4
DA:82,4
DA:83,2
DA:86,0
DA:87,0
DA:88,0
DA:92,0
DA:93,0
DA:94,0
DA:98,0
DA:99,0
DA:100,0
DA:101,0
DA:104,0
DA:105,0
DA:106,0
DA:107,0
DA:108,0
DA:109,0
DA:110,0
DA:111,0
DA:116,0
DA:117,0
DA:118,0
DA:123,0
DA:124,0
DA:125,0
DA:126,0
DA:127,0
DA:132,2
DA:134,2
DA:136,2
DA:137,2
DA:150,2
DA:151,2
DA:152,2
DA:153,2
DA:155,2
DA:156,4
DA:157,2
DA:158,2
DA:159,2
DA:162,2
DA:163,2
DA:164,2
DA:166,2
DA:167,2
DA:168,2
DA:174,2
DA:175,4
DA:176,4
DA:182,2
DA:183,4
DA:194,2
DA:199,2
DA:200,2
DA:201,2
DA:202,2
DA:203,2
DA:206,2
DA:207,2
DA:208,2
DA:210,2
DA:211,2
DA:213,2
DA:216,2
DA:217,2
DA:218,2
DA:219,8
DA:220,3
DA:221,1
DA:232,8
DA:234,2
DA:235,2
DA:236,2
DA:237,2
DA:238,2
DA:240,2
DA:241,10
DA:242,2
DA:255,2
DA:256,4
DA:257,2
DA:261,2
DA:262,0
DA:263,0
DA:264,0
DA:267,0
DA:268,0
DA:269,0
DA:271,0
DA:272,0
DA:273,0
DA:274,0
DA:276,0
DA:280,0
DA:282,0
DA:283,0
DA:285,0
DA:286,0
DA:300,2
DA:302,0
DA:305,0
DA:306,0
DA:307,0
DA:308,0
DA:310,0
DA:311,0
DA:312,0
DA:314,0
DA:318,0
DA:319,0
DA:328,0
DA:331,0
DA:332,0
DA:337,0
DA:338,0
DA:339,0
DA:340,0
DA:341,0
DA:343,0
DA:349,2
DA:351,8
DA:352,2
DA:355,2
DA:356,2
DA:358,2
DA:359,2
DA:360,2
DA:362,2
DA:366,2
DA:367,2
DA:376,2
DA:380,2
DA:381,2
DA:389,2
DA:392,2
DA:393,2
DA:394,2
DA:395,2
DA:399,2
DA:400,2
DA:409,2
DA:412,2
DA:413,2
DA:418,2
DA:420,2
DA:421,2
DA:430,2
DA:436,2
LF:169
LH:105
end_of_record
SF:lib/presentation/widgets/smart_lock/app_icon_display.dart
DA:8,2
DA:25,2
DA:26,4
DA:29,2
DA:31,2
DA:32,2
DA:33,2
DA:34,2
DA:35,2
DA:36,6
DA:37,2
DA:38,2
DA:42,2
DA:43,0
DA:44,0
DA:45,0
DA:46,0
DA:47,0
DA:48,0
DA:50,0
DA:53,2
DA:57,2
DA:58,2
DA:59,2
DA:60,4
LF:25
LH:18
end_of_record
SF:lib/presentation/screens/smart_lock/smart_lock_settings_screen.dart
DA:15,1
DA:22,1
DA:24,1
DA:28,1
DA:30,1
DA:31,1
DA:32,1
DA:33,6
DA:36,1
DA:38,1
DA:39,1
DA:42,1
DA:43,1
DA:44,1
DA:45,0
DA:46,0
DA:48,1
DA:49,0
DA:50,0
DA:51,0
DA:57,1
DA:58,1
DA:59,1
DA:61,1
DA:62,1
DA:66,1
DA:67,2
DA:76,1
DA:77,1
DA:78,1
DA:79,1
DA:80,1
DA:82,1
DA:83,1
DA:87,1
DA:88,0
DA:90,0
DA:92,0
DA:97,1
DA:98,1
DA:100,3
DA:102,0
DA:105,1
DA:106,1
DA:108,0
DA:111,1
DA:112,1
DA:116,0
DA:117,0
DA:119,0
DA:120,0
DA:121,0
DA:122,0
DA:132,1
DA:133,1
DA:135,1
DA:137,1
DA:140,4
DA:146,0
DA:150,0
DA:152,0
DA:157,0
DA:158,0
DA:159,0
DA:162,0
DA:163,0
DA:164,0
DA:165,0
DA:174,0
DA:178,0
DA:180,0
DA:182,0
DA:183,0
DA:184,0
DA:185,0
DA:187,0
DA:189,0
DA:195,0
DA:196,0
DA:202,0
DA:203,0
DA:207,0
DA:208,0
DA:209,0
DA:210,0
DA:215,0
DA:217,0
DA:218,0
DA:219,0
DA:223,0
DA:224,0
DA:225,0
DA:226,0
DA:228,0
DA:246,0
DA:250,0
DA:251,0
LF:97
LH:42
end_of_record
SF:lib/presentation/screens/smart_lock/schedule_screen.dart
DA:15,1
DA:22,1
DA:24,1
DA:25,2
DA:26,1
DA:27,4
DA:28,3
DA:37,1
DA:42,1
DA:43,5
DA:46,1
DA:56,1
DA:59,1
DA:60,9
DA:61,2
DA:62,0
DA:63,0
DA:66,0
DA:67,0
DA:69,0
DA:71,0
DA:72,0
DA:73,0
DA:74,0
DA:77,0
DA:78,0
DA:79,0
DA:80,0
DA:81,0
DA:84,0
DA:92,1
DA:94,1
DA:95,1
DA:98,1
DA:99,1
DA:100,1
DA:101,0
DA:102,0
DA:104,1
DA:105,0
DA:106,0
DA:110,2
DA:111,1
DA:112,1
DA:116,1
DA:117,2
DA:118,1
DA:119,1
DA:121,1
DA:122,2
DA:124,1
DA:126,1
DA:128,1
DA:132,1
DA:134,1
DA:136,1
DA:141,1
DA:142,0
DA:143,0
DA:144,0
DA:145,0
DA:146,0
DA:147,0
DA:148,0
DA:149,0
DA:163,1
DA:165,2
DA:166,1
DA:167,2
DA:168,1
DA:170,1
DA:171,1
DA:172,2
DA:173,0
DA:174,1
DA:175,1
DA:176,2
DA:177,2
DA:178,0
DA:179,1
DA:182,1
DA:183,1
DA:186,1
DA:188,1
DA:190,1
DA:191,7
DA:195,1
DA:196,2
DA:197,1
DA:199,1
DA:204,1
DA:206,1
DA:207,1
DA:208,1
DA:209,0
DA:210,0
DA:211,0
DA:212,0
DA:216,1
DA:218,0
DA:222,0
DA:223,0
DA:224,0
DA:225,0
DA:226,0
DA:227,0
DA:228,0
DA:229,0
DA:245,1
DA:246,0
DA:247,0
DA:248,0
DA:249,0
DA:250,0
DA:251,0
DA:252,0
DA:253,0
LF:117
LH:67
end_of_record
SF:lib/presentation/blocs/notification/notification_bloc.dart
DA:12,1
DA:13,0
DA:14,0
DA:19,1
DA:20,0
DA:21,0
DA:28,0
DA:29,0
DA:30,0
DA:37,1
DA:42,0
DA:43,0
DA:50,0
DA:55,0
DA:56,0
DA:63,0
DA:68,0
DA:69,0
DA:74,1
DA:75,0
DA:76,0
DA:82,1
DA:83,1
DA:84,2
DA:88,0
DA:89,0
DA:90,0
DA:103,1
DA:107,0
DA:108,2
DA:109,2
DA:110,2
DA:111,2
DA:112,2
DA:113,2
DA:114,2
DA:117,1
DA:128,2
DA:130,0
DA:131,0
DA:136,1
DA:137,2
DA:138,1
DA:139,1
DA:141,1
DA:142,2
DA:143,2
DA:144,1
DA:145,1
DA:146,2
DA:147,2
DA:148,1
DA:149,0
DA:150,0
DA:151,0
DA:155,0
DA:156,0
DA:160,1
DA:163,1
DA:164,2
DA:165,1
DA:166,1
DA:167,1
DA:168,1
DA:169,2
DA:172,0
DA:173,0
DA:175,0
DA:176,0
DA:178,0
DA:179,0
DA:182,0
DA:185,1
DA:187,2
DA:188,1
DA:189,1
DA:190,1
DA:192,3
DA:193,4
DA:195,0
DA:196,0
DA:200,0
DA:202,0
DA:203,0
DA:204,0
DA:205,0
DA:208,0
DA:213,0
DA:215,0
DA:216,0
DA:220,0
DA:222,0
DA:223,0
DA:224,0
DA:225,0
DA:228,0
DA:233,0
DA:235,0
DA:236,0
DA:240,0
DA:245,0
DA:260,0
DA:264,0
DA:265,0
DA:272,0
DA:295,0
DA:304,1
DA:306,2
DA:307,1
LF:109
LH:47
end_of_record
SF:lib/presentation/blocs/alert_review/alert_review_bloc.dart
DA:9,1
DA:10,0
DA:11,0
DA:18,1
DA:23,0
DA:24,0
DA:31,1
DA:36,0
DA:37,0
DA:45,1
DA:51,0
DA:52,0
DA:59,1
DA:64,0
DA:65,0
DA:70,1
DA:71,0
DA:72,0
DA:79,1
DA:80,0
DA:81,0
DA:85,1
DA:86,0
DA:87,0
DA:91,1
DA:92,0
DA:93,0
DA:99,3
DA:100,2
DA:101,2
DA:102,2
DA:103,2
DA:106,1
DA:107,2
DA:109,2
DA:110,1
DA:111,1
DA:112,1
DA:115,2
DA:117,1
DA:120,0
DA:121,0
DA:125,1
DA:127,2
DA:128,1
DA:129,1
DA:130,1
DA:132,1
DA:133,2
DA:134,1
DA:135,1
DA:136,1
DA:139,0
DA:140,0
DA:144,1
DA:146,2
DA:147,1
DA:148,1
DA:149,1
DA:150,1
DA:152,1
DA:153,2
DA:154,1
DA:155,1
DA:156,1
DA:159,0
DA:160,0
DA:164,1
DA:166,2
DA:167,1
DA:168,1
DA:169,1
DA:171,1
DA:172,2
DA:173,1
DA:174,1
DA:175,1
DA:178,0
DA:179,0
LF:79
LH:53
end_of_record
SF:lib/domain/repositories/notification_repository.dart
DA:16,1
DA:28,0
DA:29,0
DA:30,0
DA:31,0
DA:32,0
DA:33,0
DA:34,0
DA:35,0
DA:36,0
DA:38,0
DA:39,0
DA:40,0
DA:41,0
DA:42,0
DA:46,0
DA:47,0
DA:48,0
DA:49,0
DA:50,0
DA:51,0
DA:52,0
DA:53,0
DA:54,0
DA:55,0
DA:94,0
DA:95,0
DA:97,0
DA:105,0
DA:106,0
DA:107,0
DA:108,0
DA:109,0
DA:110,0
DA:111,0
DA:112,0
DA:113,0
DA:117,0
DA:124,0
DA:125,0
DA:126,0
DA:127,0
DA:128,0
DA:129,0
DA:130,0
DA:131,0
DA:133,0
DA:137,0
DA:143,0
DA:144,0
DA:145,0
DA:146,0
DA:147,0
DA:148,0
DA:149,0
DA:150,0
DA:152,0
DA:153,0
DA:154,0
DA:156,0
DA:158,0
DA:162,0
DA:169,0
DA:170,0
DA:171,0
DA:172,0
DA:173,0
DA:174,0
DA:175,0
DA:176,0
DA:178,0
DA:182,0
DA:189,0
DA:190,0
DA:191,0
DA:192,0
DA:193,0
DA:194,0
DA:195,0
DA:196,0
DA:198,0
DA:199,0
DA:200,0
DA:202,0
DA:204,0
DA:208,0
DA:211,0
DA:212,0
DA:213,0
DA:214,0
DA:215,0
DA:216,0
DA:217,0
DA:219,0
LF:94
LH:1
end_of_record
SF:lib/presentation/blocs/notification_history/notification_history_bloc.dart
DA:9,1
DA:10,0
DA:11,0
DA:16,1
DA:17,0
DA:18,0
DA:23,1
DA:24,0
DA:25,0
DA:30,1
DA:31,0
DA:32,0
DA:39,1
DA:44,0
DA:45,0
DA:51,1
DA:55,0
DA:56,0
DA:63,1
DA:68,0
DA:69,0
DA:74,1
DA:75,0
DA:76,0
DA:84,1
DA:85,0
DA:86,0
DA:100,1
DA:108,1
DA:109,1
DA:110,5
DA:111,1
DA:112,1
DA:113,1
DA:119,1
DA:120,0
DA:121,0
DA:132,1
DA:133,2
DA:134,2
DA:135,2
DA:136,2
DA:137,2
DA:138,2
DA:139,2
DA:140,2
DA:143,1
DA:145,2
DA:147,1
DA:148,2
DA:149,2
DA:150,1
DA:151,1
DA:152,2
DA:154,0
DA:155,0
DA:160,1
DA:162,2
DA:163,1
DA:166,1
DA:168,2
DA:169,1
DA:172,1
DA:174,2
DA:175,1
DA:178,1
DA:181,2
DA:182,1
DA:183,1
DA:184,1
DA:187,3
DA:188,2
DA:192,1
DA:195,2
DA:196,1
DA:197,1
DA:200,0
DA:201,0
DA:205,1
DA:209,4
DA:210,2
DA:211,1
DA:212,1
DA:216,0
DA:217,0
DA:221,1
DA:222,2
DA:225,2
DA:226,4
DA:227,2
DA:228,4
DA:232,1
DA:233,6
DA:236,5
DA:238,2
DA:239,1
DA:241,1
DA:242,1
DA:247,1
DA:249,2
DA:250,1
LF:101
LH:75
end_of_record
SF:lib/presentation/blocs/alert_history/alert_history_bloc.dart
DA:9,1
DA:10,0
DA:11,0
DA:17,1
DA:18,0
DA:19,0
DA:24,1
DA:25,0
DA:26,0
DA:32,0
DA:33,0
DA:34,0
DA:41,1
DA:46,0
DA:47,0
DA:52,1
DA:53,0
DA:54,0
DA:62,1
DA:63,0
DA:64,0
DA:76,1
DA:84,1
DA:85,9
DA:89,0
DA:90,0
DA:91,0
DA:104,3
DA:105,2
DA:106,2
DA:107,2
DA:108,2
DA:109,2
DA:112,1
DA:113,2
DA:114,2
DA:115,2
DA:117,1
DA:118,2
DA:119,3
DA:120,1
DA:121,1
DA:122,2
DA:124,0
DA:125,0
DA:130,1
DA:131,2
DA:132,1
DA:135,1
DA:136,2
DA:137,1
DA:140,0
DA:141,0
DA:142,0
DA:143,0
DA:146,1
DA:148,2
DA:149,1
DA:150,1
DA:151,1
DA:154,0
DA:155,0
DA:159,1
DA:160,2
DA:163,2
DA:164,4
DA:165,2
DA:166,4
DA:170,1
DA:171,0
DA:172,0
DA:173,0
DA:174,0
DA:176,1
DA:177,0
DA:178,0
DA:179,0
DA:180,0
DA:183,2
DA:184,1
DA:186,1
DA:187,1
DA:188,1
DA:192,1
DA:194,2
DA:195,1
LF:86
LH:52
end_of_record
SF:lib/presentation/blocs/rules/rules_bloc.dart
DA:10,1
DA:11,0
DA:12,0
DA:17,1
DA:18,0
DA:19,0
DA:24,1
DA:25,0
DA:26,0
DA:31,1
DA:32,0
DA:33,0
DA:38,1
DA:39,0
DA:40,0
DA:46,0
DA:47,0
DA:48,0
DA:55,1
DA:56,0
DA:57,0
DA:62,1
DA:63,0
DA:64,0
DA:73,1
DA:74,1
DA:75,2
DA:82,1
DA:83,0
DA:84,0
DA:89,0
DA:90,0
DA:91,0
DA:100,1
DA:103,2
DA:104,2
DA:105,2
DA:106,2
DA:107,2
DA:108,2
DA:109,2
DA:110,2
DA:112,3
DA:115,1
DA:116,2
DA:117,1
DA:118,5
DA:119,1
DA:120,2
DA:122,0
DA:123,0
DA:124,0
DA:129,1
DA:130,1
DA:131,2
DA:132,3
DA:134,0
DA:135,0
DA:139,1
DA:140,1
DA:141,4
DA:142,3
DA:146,1
DA:147,1
DA:148,4
DA:149,3
DA:153,1
DA:154,1
DA:155,4
DA:156,3
DA:160,0
DA:161,0
DA:162,0
DA:163,0
DA:164,0
DA:165,0
DA:169,1
DA:170,1
DA:172,2
DA:174,3
DA:175,1
DA:177,0
DA:178,0
DA:182,1
DA:184,2
DA:185,1
LF:86
LH:51
end_of_record
SF:lib/presentation/blocs/keyword_management/keyword_management_bloc.dart
DA:10,1
DA:11,0
DA:12,0
DA:17,1
DA:18,0
DA:19,0
DA:25,1
DA:26,0
DA:27,0
DA:33,1
DA:34,0
DA:35,0
DA:40,1
DA:41,0
DA:42,0
DA:47,1
DA:48,0
DA:49,0
DA:56,1
DA:57,1
DA:58,2
DA:62,0
DA:63,0
DA:64,0
DA:71,1
DA:72,0
DA:73,2
DA:74,2
DA:75,2
DA:76,2
DA:77,2
DA:80,1
DA:82,1
DA:84,3
DA:88,1
DA:89,2
DA:91,1
DA:92,1
DA:93,2
DA:94,1
DA:95,1
DA:96,1
DA:99,1
DA:100,0
DA:102,1
DA:105,1
DA:106,2
DA:108,0
DA:109,0
DA:113,1
DA:114,3
DA:116,1
DA:117,1
DA:119,2
DA:120,3
DA:121,3
DA:123,2
DA:124,1
DA:125,2
DA:127,0
DA:128,0
DA:129,0
DA:134,1
DA:135,1
DA:136,1
DA:138,2
DA:139,2
DA:141,2
DA:142,1
DA:143,2
DA:145,0
DA:146,0
DA:147,0
DA:151,1
DA:152,1
DA:154,2
DA:155,1
DA:156,2
DA:158,0
DA:159,0
DA:163,1
DA:164,1
DA:165,1
DA:166,1
DA:167,1
DA:168,1
DA:169,3
LF:87
LH:60
end_of_record
SF:lib/presentation/blocs/smart_lock/app_monitor_bloc.dart
DA:18,1
DA:20,0
DA:21,0
DA:28,1
DA:30,0
DA:31,0
DA:36,1
DA:38,0
DA:39,0
DA:47,1
DA:53,0
DA:54,0
DA:58,1
DA:63,1
DA:65,1
DA:66,1
DA:76,1
DA:82,0
DA:83,0
DA:98,1
DA:112,1
DA:113,1
DA:114,1
DA:115,1
DA:116,1
DA:117,1
DA:118,1
DA:119,1
DA:120,1
DA:121,1
DA:122,1
DA:123,1
DA:124,1
DA:159,1
DA:166,2
DA:167,2
DA:168,2
DA:169,2
DA:170,2
DA:173,1
DA:174,2
DA:175,2
DA:176,1
DA:178,1
DA:180,1
DA:181,3
DA:182,0
DA:183,0
DA:184,0
DA:185,0
DA:186,0
DA:189,0
DA:194,1
DA:195,2
DA:196,0
DA:197,0
DA:201,2
DA:204,1
DA:205,2
DA:207,5
DA:209,0
DA:214,0
DA:215,0
DA:218,0
DA:222,0
DA:223,0
DA:224,0
DA:225,0
DA:230,0
DA:231,0
DA:233,0
DA:234,0
DA:235,0
DA:240,0
DA:241,0
DA:243,0
DA:244,0
DA:245,0
DA:246,0
DA:247,0
DA:249,0
DA:250,0
DA:252,0
DA:256,0
DA:260,1
DA:261,2
DA:262,2
DA:266,1
DA:268,1
DA:269,1
DA:273,0
DA:274,0
DA:276,0
DA:278,0
DA:280,0
DA:281,0
DA:284,0
DA:286,0
DA:290,0
DA:291,0
DA:292,0
DA:298,0
DA:299,0
DA:301,0
DA:302,0
DA:303,0
DA:308,0
DA:309,0
DA:311,0
DA:312,0
DA:313,0
DA:314,0
DA:317,0
DA:318,0
DA:320,0
DA:325,0
DA:328,0
DA:329,0
DA:330,0
DA:331,0
DA:332,0
DA:338,1
DA:339,2
DA:340,4
DA:343,2
DA:344,1
DA:345,1
DA:346,1
DA:347,1
DA:348,1
DA:350,5
DA:351,2
DA:352,1
DA:353,1
DA:354,1
DA:357,0
DA:361,1
DA:367,1
DA:368,1
DA:370,5
DA:376,1
DA:377,0
DA:378,0
DA:379,0
DA:380,0
DA:382,0
DA:383,0
DA:384,0
DA:388,0
DA:389,0
DA:390,0
DA:391,0
DA:392,0
DA:398,0
DA:399,0
DA:400,0
DA:405,0
DA:408,1
DA:414,1
DA:415,1
DA:416,1
DA:422,1
DA:423,1
DA:425,0
DA:426,0
DA:428,0
DA:433,0
DA:434,0
DA:435,0
DA:436,0
DA:437,0
DA:439,0
DA:440,0
DA:442,0
DA:443,0
DA:444,0
DA:445,0
DA:446,0
DA:449,0
DA:451,0
DA:456,0
DA:458,0
DA:459,0
DA:460,0
DA:461,0
DA:462,0
LF:186
LH:73
end_of_record
